0.0542342   -0.223677   -0.190992
0.260788   -0.163846   0.409271
-0.286512   0.0713286   0.131299
0.103078   0.141455   0.17931
0.212511   -0.156362   -0.466741
0.0831155   0.221306   -0.495765
0.389252   -0.273147   0.189884
0.00766229   -0.0511183   -0.411685
0.0848204   0.38405   0.107446
-0.341014   0.399963   0.42708
-0.484229   -0.169415   -0.371044
0.256309   0.081502   -0.363969
-0.470444   -0.0991645   -0.123907
-0.204615   -0.0271153   0.456416
0.281987   0.405688   -0.264893
-0.0840572   -0.346605   -0.0792571
-0.220413   0.418429   0.133994
0.403036   -0.0957577   0.0364826
0.444391   0.00910466   -0.0558694
-0.108972   0.252851   0.409739
-0.435291   -0.253333   -0.37565
0.305564   0.109933   0.0337069
0.185016   0.155735   -0.0213734
-0.357718   0.035489   -0.341192
0.0030267   0.408109   0.0845797
0.0289363   0.402199   -0.408829
0.296196   0.464959   -0.384209
-0.353834   0.294363   -0.0700558
-0.293431   0.179274   -0.0953321
-0.0528719   -0.4401   0.221049
0.231359   -0.0672135   -0.466624
-0.173704   0.151559   -0.426041
-0.133634   -0.445557   0.385309
0.326408   0.0951424   -0.421131
-0.472918   0.419038   0.164158
-0.273326   -0.212882   0.330316
0.448603   -0.397743   -0.293376
-0.294169   0.181583   0.0941539
-0.441666   0.0511238   0.437051
0.0581344   -0.155807   0.0308449
-0.295897   0.457767   0.190038
-0.387721   -0.336388   -0.0890377
-0.429633   0.197683   -0.303718
0.491633   -0.126919   0.109546
-0.48808   0.0624854   0.197926
0.0363552   -0.345429   0.0311872
0.0486583   0.495229   -0.406671
-0.168699   0.0587844   0.212944
0.3708   -0.308801   -0.230173
0.267334   -0.0692908   -0.381976
-0.324817   0.0780289   -0.458167
-0.377475   -0.293984   0.426348
0.0166679   0.243103   0.305547
0.172786   0.398934   -0.255639
-0.189627   -0.0605166   -0.469817
-0.369896   -0.361379   0.371221
-0.338368   0.486423   -0.387082
0.366038   0.188137   -0.385099
0.443763   0.383889   0.138044
0.215201   -0.219665   -0.3209
0.377494   -0.456446   0.328261
-0.258181   0.0193182   0.219053
0.0166117   -0.470501   0.225004
-0.108712   0.493313   -0.431379
0.136486   0.0577513   -0.112629
-0.100095   0.162482   0.458958
0.254309   0.0891024   -0.0834593
-0.343638   0.147821   -0.377486
-0.386035   -0.429111   0.257149
-0.15859   -0.438421   0.0387873
0.1683   0.220805   0.152835
0.397575   -0.465791   0.48194
-0.177817   -0.372628   -0.0719446
-0.159075   0.00212447   0.0924409
-0.261639   0.275272   -0.22206
-0.16691   0.0994163   0.464092
0.0356259   0.322421   -0.369518
-0.16408   0.1584   -0.138141
-0.386092   0.154453   0.282759
-0.493032   -0.197541   0.154493
-0.403623   -0.336155   -0.175533
-0.0867698   0.0657021   0.472427
-0.199736   0.325424   0.0551577
-0.449888   0.134111   0.342448
0.209537   0.127208   -0.463458
0.080401   0.140601   -0.434193
-0.416248   -0.308849   0.298237
0.473841   0.252053   -0.205123
-0.431241   -0.289403   0.208578
-0.432707   0.377611   -0.0710771
0.336824   -0.25282   0.261896
0.169448   0.239638   -0.436781
-0.400639   -0.072755   -0.190876
-0.406343   0.0479972   0.112506
0.483609   -0.158137   0.338747
0.211352   -0.287328   0.448091
-0.25032   0.496078   -0.421066
-0.169867   -0.216413   0.324565
0.101766   -0.124568   -0.346962
-0.291266   -0.486763   -0.112342
-0.279509   0.3674   0.467182
0.348487   0.336188   0.274499
-0.426824   -0.459788   -0.453733
0.205382   0.313891   0.105947
-0.142774   -0.0824043   0.0884748
-0.239382   0.37442   -0.152833
0.0287794   -0.150885   -0.406337
0.114571   -0.427724   0.293725
