1.52348   -0.873231   0.363787
-0.499136   0.32591   1.03163
0.182198   -0.887668   -0.600213
-0.758752   0.871727   -0.117594
0.194114   -0.17652   -0.988744
0.924667   0.342326   0.524993
-0.568948   -0.112576   -1.68617
-1.28914   -2.25852   0.314128
0.783327   0.221764   0.608906
-1.12282   -0.0825959   0.140222
-1.39945   -0.14414   1.26948
0.191881   3.31735   -0.417881
0.71518   -0.706831   1.13539
1.1151   0.856843   0.429739
0.148712   0.916574   0.341888
-1.51075   1.47305   -0.247468
0.513335   -1.03404   0.456392
0.762973   -2.18742   -0.440498
-0.640285   0.237439   1.62326
-0.062525   0.600313   3.09683
1.16265   -0.405652   -0.0668494
0.625316   1.53505   1.49579
0.896706   -2.31729   0.103947
-1.04734   -0.167216   0.454904
1.18644   -0.135866   -1.93141
1.51077   0.0538069   -0.491343
0.67767   -0.184219   0.442354
0.716995   0.800082   0.021015
0.703549   0.323297   0.201486
0.207711   1.60025   -0.352936
1.4256   -1.22997   1.31654
0.404004   2.09516   -0.503544
-1.52026   0.709467   -1.64597
-1.83171   1.19911   -0.512306
-0.742695   -1.18454   0.21225
1.8005   -1.88965   0.25108
-0.30774   0.241997   -0.539377
2.32864   -0.504459   -1.72123
0.177099   1.69091   1.87104
-0.182522   -1.02642   0.0778093
-0.31253   0.29271   -0.182467
1.36121   -0.213376   0.0293905
2.31348   -0.482411   0.641174
0.37491   0.658218   0.294945
0.458155   -2.76964   1.22118
0.707724   -1.11764   0.676929
-1.1504   1.30177   -0.107351
-1.43836   -0.18968   2.42838
-1.20808   -0.0761917   2.06489
2.33076   0.127135   0.331889
-0.101679   0.48185   0.560964
-2.77544   0.978861   -1.26509
-0.419641   -0.0394857   -1.41412
-0.465719   -1.87117   -0.1817
2.22065   1.10286   -0.703807
0.936546   -1.15515   0.132867
-1.19751   -1.1528   -1.0367
0.374039   1.74572   -1.03158
-0.211896   0.467437   -0.173598
0.762906   -1.3962   -2.2852
-1.11017   -0.255985   -0.0204644
0.573603   0.291304   -0.0433327
-2.43051   -0.871154   0.319811
-0.767881   0.907086   -0.294901
1.37591   -0.68114   -0.737347
0.544177   -0.0675838   2.23596
0.429915   -0.492754   0.125895
0.0954318   -0.854659   1.4412
-1.52194   0.754223   -0.434172
1.15169   0.56265   -0.740696
0.0438829   0.653867   -0.918157
-2.14942   -0.410656   -0.758604
1.65332   1.44029   -0.737377
-1.24391   0.303212   -0.685677
3.59156   1.22759   0.976032
-1.97379   0.285712   -2.01109
-0.10699   -0.624942   -0.800724
-0.790871   1.47069   1.1605
-0.57536   0.768385   0.746401
-0.349078   -0.386352   -1.12689
-0.220069   0.957123   2.26775
-1.03234   -0.547869   -1.38177
-0.31298   -0.522315   -0.417003
-1.40477   -0.138195   0.0408874
-0.608816   1.81953   -0.668445
1.21575   0.341729   0.221832
1.45823   1.52549   -0.556264
0.218993   0.787343   -0.864899
0.825855   -0.81197   0.321769
-1.36177   0.850408   -0.82457
0.401541   -0.513819   0.678123
-0.319477   -0.94046   1.74302
0.0155608   0.00725216   -0.753833
-2.82243   -0.342699   -0.661398
-2.14078   1.05805   -0.0573375
0.33334   -1.22206   -0.627319
0.802622   -0.15113   -0.260721
-1.61352   -0.909707   -0.21013
-0.0383976   -1.68911   -0.822341
0.759175   1.35451   0.496758
-0.370161   -1.70875   -2.62508
2.10799   -0.611734   1.06791
0.280524   0.286541   -1.7615
0.198883   -1.33186   0.199615
0.790893   0.311069   0.8517
-0.899226   -0.874338   0.795606
-2.46633   0.232782   1.02526
-0.191562   0.168019   -0.43633
